<?xml version="1.0" encoding="UTF-8"?>
<!-- Generated by org.testng.reporters.JUnitXMLReporter -->
<testsuite hostname="Savitas-MacBook-Air.local" failures="1" tests="1" name="login" time="13.385" errors="0" timestamp="30 Jul 2024 01:48:34 GMT">
  <testcase classname="com.training.testcases.LoginTest" name="loginerrormessage" time="0.018">
    <failure type="java.lang.NullPointerException" message="Cannot invoke &amp;quot;com.training.pages.LoginPage.enterusername()&amp;quot; because &amp;quot;this.loginpage&amp;quot; is null">
      <![CDATA[java.lang.NullPointerException: Cannot invoke "com.training.pages.LoginPage.enterusername()" because "this.loginpage" is null
	at com.training.testcases.LoginTest.loginerrormessage(LoginTest.java:41)
... Removed 24 stack frames]]>
    </failure>
  </testcase> <!-- loginerrormessage -->
</testsuite> <!-- login -->
