<?xml version="1.0" encoding="UTF-8"?>
<testng-results total="2" passed="2" failed="0" skipped="0">
  <reporter-output>
  </reporter-output>
  <suite started-at="2024-09-25T17:34:23Z" name="Salesforce Automation" finished-at="2024-09-25T17:35:58Z" duration-ms="94979">
    <groups>
    </groups>
    <test started-at="2024-09-25T17:34:23Z" name="SFDClogin" finished-at="2024-09-25T17:35:58Z" duration-ms="94979">
      <class name="com.training.testcases.LoginTest">
        <test-method is-config="true" signature="beforeMethod()[pri:0, instance:com.training.testcases.LoginTest@436a4e4b]" started-at="2024-09-25T10:34:23Z" name="beforeMethod" finished-at="2024-09-25T10:34:36Z" duration-ms="12779" status="PASS">
          <reporter-output>
          </reporter-output>
        </test-method> <!-- beforeMethod -->
        <test-method signature="loginerrormessage()[pri:1, instance:com.training.testcases.LoginTest@436a4e4b]" started-at="2024-09-25T10:34:36Z" name="loginerrormessage" description="TC 01 Login Error Message - 1" finished-at="2024-09-25T10:35:07Z" duration-ms="30697" status="PASS">
          <reporter-output>
          </reporter-output>
        </test-method> <!-- loginerrormessage -->
        <test-method is-config="true" signature="teardown()[pri:0, instance:com.training.testcases.LoginTest@436a4e4b]" started-at="2024-09-25T10:35:07Z" name="teardown" finished-at="2024-09-25T10:35:08Z" duration-ms="1512" status="PASS">
          <reporter-output>
          </reporter-output>
        </test-method> <!-- teardown -->
        <test-method is-config="true" signature="beforeMethod()[pri:0, instance:com.training.testcases.LoginTest@436a4e4b]" started-at="2024-09-25T10:35:08Z" name="beforeMethod" finished-at="2024-09-25T10:35:17Z" duration-ms="9342" status="PASS">
          <reporter-output>
          </reporter-output>
        </test-method> <!-- beforeMethod -->
        <test-method signature="loginsuccess()[pri:2, instance:com.training.testcases.LoginTest@436a4e4b]" started-at="2024-09-25T10:35:17Z" name="loginsuccess" description=" TC02 Login To SalesForce -2" finished-at="2024-09-25T10:35:53Z" duration-ms="35899" status="PASS">
          <reporter-output>
          </reporter-output>
        </test-method> <!-- loginsuccess -->
        <test-method is-config="true" signature="teardown()[pri:0, instance:com.training.testcases.LoginTest@436a4e4b]" started-at="2024-09-25T10:35:53Z" name="teardown" finished-at="2024-09-25T10:35:58Z" duration-ms="4644" status="PASS">
          <reporter-output>
          </reporter-output>
        </test-method> <!-- teardown -->
      </class> <!-- com.training.testcases.LoginTest -->
    </test> <!-- SFDClogin -->
  </suite> <!-- Salesforce Automation -->
</testng-results>
